{"C:\\Users\\Dan\\Documents\\alchemy\\career-track\\labs\\lab-13-mongo-aggregations\\lib\\app.js": {"path":"C:\\Users\\Dan\\Documents\\alchemy\\career-track\\labs\\lab-13-mongo-aggregations\\lib\\app.js","statementMap":{"0":{"start":{"line":1,"column":16},"end":{"line":1,"column":34}},"1":{"start":{"line":2,"column":12},"end":{"line":2,"column":21}},"2":{"start":{"line":4,"column":0},"end":{"line":4,"column":24}},"3":{"start":{"line":6,"column":0},"end":{"line":6,"column":60}},"4":{"start":{"line":8,"column":0},"end":{"line":8,"column":43}},"5":{"start":{"line":9,"column":0},"end":{"line":9,"column":39}},"6":{"start":{"line":11,"column":0},"end":{"line":11,"column":21}}},"fnMap":{},"branchMap":{},"s":{"0":1,"1":1,"2":1,"3":1,"4":1,"5":1,"6":1},"f":{},"b":{},"_coverageSchema":"43e27e138ebf9cfc5966b082cf9a028302ed4184","hash":"3e616c973137dc9bf61222b13bbbbe1256e4a98e"}
,"C:\\Users\\Dan\\Documents\\alchemy\\career-track\\labs\\lab-13-mongo-aggregations\\lib\\middleware\\error.js": {"path":"C:\\Users\\Dan\\Documents\\alchemy\\career-track\\labs\\lab-13-mongo-aggregations\\lib\\middleware\\error.js","statementMap":{"0":{"start":{"line":1,"column":17},"end":{"line":1,"column":36}},"1":{"start":{"line":4,"column":0},"end":{"line":20,"column":2}},"2":{"start":{"line":5,"column":15},"end":{"line":5,"column":32}},"3":{"start":{"line":7,"column":2},"end":{"line":10,"column":3}},"4":{"start":{"line":9,"column":4},"end":{"line":9,"column":17}},"5":{"start":{"line":12,"column":2},"end":{"line":12,"column":21}},"6":{"start":{"line":14,"column":2},"end":{"line":14,"column":19}},"7":{"start":{"line":16,"column":2},"end":{"line":19,"column":5}}},"fnMap":{"0":{"name":"(anonymous_0)","decl":{"start":{"line":4,"column":17},"end":{"line":4,"column":18}},"loc":{"start":{"line":4,"column":42},"end":{"line":20,"column":1}},"line":4}},"branchMap":{"0":{"loc":{"start":{"line":5,"column":15},"end":{"line":5,"column":32}},"type":"binary-expr","locations":[{"start":{"line":5,"column":15},"end":{"line":5,"column":25}},{"start":{"line":5,"column":29},"end":{"line":5,"column":32}}],"line":5},"1":{"loc":{"start":{"line":7,"column":2},"end":{"line":10,"column":3}},"type":"if","locations":[{"start":{"line":7,"column":2},"end":{"line":10,"column":3}},{"start":{"line":7,"column":2},"end":{"line":10,"column":3}}],"line":7},"2":{"loc":{"start":{"line":7,"column":5},"end":{"line":8,"column":43}},"type":"binary-expr","locations":[{"start":{"line":7,"column":5},"end":{"line":7,"column":50}},{"start":{"line":8,"column":4},"end":{"line":8,"column":43}}],"line":7}},"s":{"0":1,"1":1,"2":0,"3":0,"4":0,"5":0,"6":0,"7":0},"f":{"0":0},"b":{"0":[0,0],"1":[0,0],"2":[0,0]},"_coverageSchema":"43e27e138ebf9cfc5966b082cf9a028302ed4184","hash":"361e38e4fc8947a658afdccc8b2a064d0a4ea25d"}
,"C:\\Users\\Dan\\Documents\\alchemy\\career-track\\labs\\lab-13-mongo-aggregations\\lib\\middleware\\not-found.js": {"path":"C:\\Users\\Dan\\Documents\\alchemy\\career-track\\labs\\lab-13-mongo-aggregations\\lib\\middleware\\not-found.js","statementMap":{"0":{"start":{"line":1,"column":0},"end":{"line":5,"column":2}},"1":{"start":{"line":2,"column":14},"end":{"line":2,"column":36}},"2":{"start":{"line":3,"column":2},"end":{"line":3,"column":19}},"3":{"start":{"line":4,"column":2},"end":{"line":4,"column":12}}},"fnMap":{"0":{"name":"(anonymous_0)","decl":{"start":{"line":1,"column":17},"end":{"line":1,"column":18}},"loc":{"start":{"line":1,"column":37},"end":{"line":5,"column":1}},"line":1}},"branchMap":{},"s":{"0":1,"1":0,"2":0,"3":0},"f":{"0":0},"b":{},"_coverageSchema":"43e27e138ebf9cfc5966b082cf9a028302ed4184","hash":"bc9de34dec41b0ee7ee33c08b4de5922463a4d35"}
,"C:\\Users\\Dan\\Documents\\alchemy\\career-track\\labs\\lab-13-mongo-aggregations\\lib\\models\\Incident.js": {"path":"C:\\Users\\Dan\\Documents\\alchemy\\career-track\\labs\\lab-13-mongo-aggregations\\lib\\models\\Incident.js","statementMap":{"0":{"start":{"line":1,"column":17},"end":{"line":1,"column":36}},"1":{"start":{"line":3,"column":15},"end":{"line":20,"column":2}},"2":{"start":{"line":22,"column":0},"end":{"line":22,"column":52}}},"fnMap":{},"branchMap":{},"s":{"0":1,"1":1,"2":1},"f":{},"b":{},"_coverageSchema":"43e27e138ebf9cfc5966b082cf9a028302ed4184","hash":"b9e066c85c89bec6a37af1d27ece005b7100a5dd"}
,"C:\\Users\\Dan\\Documents\\alchemy\\career-track\\labs\\lab-13-mongo-aggregations\\lib\\routes\\incidents.js": {"path":"C:\\Users\\Dan\\Documents\\alchemy\\career-track\\labs\\lab-13-mongo-aggregations\\lib\\routes\\incidents.js","statementMap":{"0":{"start":{"line":1,"column":19},"end":{"line":1,"column":37}},"1":{"start":{"line":2,"column":17},"end":{"line":2,"column":46}},"2":{"start":{"line":4,"column":0},"end":{"line":37,"column":4}},"3":{"start":{"line":6,"column":4},"end":{"line":9,"column":19}},"4":{"start":{"line":8,"column":24},"end":{"line":8,"column":42}},"5":{"start":{"line":12,"column":4},"end":{"line":15,"column":19}},"6":{"start":{"line":14,"column":24},"end":{"line":14,"column":42}},"7":{"start":{"line":18,"column":39},"end":{"line":18,"column":48}},"8":{"start":{"line":19,"column":4},"end":{"line":24,"column":19}},"9":{"start":{"line":23,"column":25},"end":{"line":23,"column":44}},"10":{"start":{"line":27,"column":4},"end":{"line":30,"column":19}},"11":{"start":{"line":29,"column":24},"end":{"line":29,"column":42}},"12":{"start":{"line":33,"column":4},"end":{"line":36,"column":19}},"13":{"start":{"line":35,"column":24},"end":{"line":35,"column":42}}},"fnMap":{"0":{"name":"(anonymous_0)","decl":{"start":{"line":5,"column":13},"end":{"line":5,"column":14}},"loc":{"start":{"line":5,"column":33},"end":{"line":10,"column":3}},"line":5},"1":{"name":"(anonymous_1)","decl":{"start":{"line":8,"column":12},"end":{"line":8,"column":13}},"loc":{"start":{"line":8,"column":24},"end":{"line":8,"column":42}},"line":8},"2":{"name":"(anonymous_2)","decl":{"start":{"line":11,"column":15},"end":{"line":11,"column":16}},"loc":{"start":{"line":11,"column":35},"end":{"line":16,"column":3}},"line":11},"3":{"name":"(anonymous_3)","decl":{"start":{"line":14,"column":12},"end":{"line":14,"column":13}},"loc":{"start":{"line":14,"column":24},"end":{"line":14,"column":42}},"line":14},"4":{"name":"(anonymous_4)","decl":{"start":{"line":17,"column":12},"end":{"line":17,"column":13}},"loc":{"start":{"line":17,"column":32},"end":{"line":25,"column":3}},"line":17},"5":{"name":"(anonymous_5)","decl":{"start":{"line":23,"column":12},"end":{"line":23,"column":13}},"loc":{"start":{"line":23,"column":25},"end":{"line":23,"column":44}},"line":23},"6":{"name":"(anonymous_6)","decl":{"start":{"line":26,"column":17},"end":{"line":26,"column":18}},"loc":{"start":{"line":26,"column":37},"end":{"line":31,"column":3}},"line":26},"7":{"name":"(anonymous_7)","decl":{"start":{"line":29,"column":12},"end":{"line":29,"column":13}},"loc":{"start":{"line":29,"column":24},"end":{"line":29,"column":42}},"line":29},"8":{"name":"(anonymous_8)","decl":{"start":{"line":32,"column":18},"end":{"line":32,"column":19}},"loc":{"start":{"line":32,"column":38},"end":{"line":37,"column":3}},"line":32},"9":{"name":"(anonymous_9)","decl":{"start":{"line":35,"column":12},"end":{"line":35,"column":13}},"loc":{"start":{"line":35,"column":24},"end":{"line":35,"column":42}},"line":35}},"branchMap":{"0":{"loc":{"start":{"line":18,"column":12},"end":{"line":18,"column":20}},"type":"default-arg","locations":[{"start":{"line":18,"column":19},"end":{"line":18,"column":20}}],"line":18},"1":{"loc":{"start":{"line":18,"column":22},"end":{"line":18,"column":34}},"type":"default-arg","locations":[{"start":{"line":18,"column":32},"end":{"line":18,"column":34}}],"line":18}},"s":{"0":1,"1":1,"2":1,"3":1,"4":1,"5":1,"6":1,"7":1,"8":1,"9":1,"10":1,"11":1,"12":1,"13":1},"f":{"0":1,"1":1,"2":1,"3":1,"4":1,"5":1,"6":1,"7":1,"8":1,"9":1},"b":{"0":[1],"1":[1]},"_coverageSchema":"43e27e138ebf9cfc5966b082cf9a028302ed4184","hash":"f49116ec284d5887aba01f3450116d96f165aaf5"}
,"C:\\Users\\Dan\\Documents\\alchemy\\career-track\\labs\\lab-13-mongo-aggregations\\lib\\utils\\connect.js": {"path":"C:\\Users\\Dan\\Documents\\alchemy\\career-track\\labs\\lab-13-mongo-aggregations\\lib\\utils\\connect.js","statementMap":{"0":{"start":{"line":1,"column":17},"end":{"line":1,"column":36}},"1":{"start":{"line":2,"column":18},"end":{"line":2,"column":32}},"2":{"start":{"line":4,"column":0},"end":{"line":25,"column":2}},"3":{"start":{"line":5,"column":2},"end":{"line":10,"column":5}},"4":{"start":{"line":12,"column":2},"end":{"line":16,"column":5}},"5":{"start":{"line":13,"column":22},"end":{"line":13,"column":32}},"6":{"start":{"line":14,"column":24},"end":{"line":14,"column":109}},"7":{"start":{"line":15,"column":4},"end":{"line":15,"column":58}},"8":{"start":{"line":18,"column":2},"end":{"line":20,"column":5}},"9":{"start":{"line":19,"column":4},"end":{"line":19,"column":45}},"10":{"start":{"line":22,"column":2},"end":{"line":24,"column":5}},"11":{"start":{"line":23,"column":4},"end":{"line":23,"column":47}}},"fnMap":{"0":{"name":"(anonymous_0)","decl":{"start":{"line":4,"column":17},"end":{"line":4,"column":18}},"loc":{"start":{"line":4,"column":52},"end":{"line":25,"column":1}},"line":4},"1":{"name":"(anonymous_1)","decl":{"start":{"line":12,"column":38},"end":{"line":12,"column":39}},"loc":{"start":{"line":12,"column":44},"end":{"line":16,"column":3}},"line":12},"2":{"name":"(anonymous_2)","decl":{"start":{"line":18,"column":41},"end":{"line":18,"column":42}},"loc":{"start":{"line":18,"column":47},"end":{"line":20,"column":3}},"line":18},"3":{"name":"(anonymous_3)","decl":{"start":{"line":22,"column":34},"end":{"line":22,"column":35}},"loc":{"start":{"line":22,"column":40},"end":{"line":24,"column":3}},"line":22}},"branchMap":{"0":{"loc":{"start":{"line":4,"column":18},"end":{"line":4,"column":47}},"type":"default-arg","locations":[{"start":{"line":4,"column":24},"end":{"line":4,"column":47}}],"line":4}},"s":{"0":1,"1":1,"2":1,"3":1,"4":1,"5":1,"6":1,"7":1,"8":1,"9":1,"10":1,"11":0},"f":{"0":1,"1":1,"2":1,"3":0},"b":{"0":[1]},"_coverageSchema":"43e27e138ebf9cfc5966b082cf9a028302ed4184","hash":"31988faf935a5950850812d27c26f388ea702458"}
}
